{
"contracts/Raffle.sol":{"l":{"74":3,"75":3,"76":3,"77":3,"78":3,"79":3,"80":3,"81":3,"97":5,"98":1,"100":4,"101":1,"103":3,"104":3,"128":1,"129":1,"130":1,"131":1,"132":1,"142":1,"143":1,"144":0,"151":1,"152":1,"159":1,"166":0,"167":0,"168":0,"169":0,"170":0,"171":0,"172":0,"173":0,"174":0,"176":0,"182":5,"186":1,"190":0,"194":1,"198":0,"202":0,"206":0,"210":0,"214":5},"path":"/home/saurav3435/Desktop/Academics/B_Project/Tutorial/hh-fcc/hardhat-smartcontract-lottery/contracts/Raffle.sol","s":{"1":5,"2":4,"3":3,"4":3,"5":1,"6":1,"7":1,"8":1,"9":1,"10":1,"11":1,"12":1,"13":0,"14":0,"15":0,"16":0,"17":0,"18":5,"19":1,"20":0,"21":1,"22":0,"23":0,"24":0,"25":0,"26":5},"b":{"1":[1,4],"2":[1,3],"3":[0,1],"4":[0,0]},"f":{"1":3,"2":5,"3":1,"4":1,"5":0,"6":5,"7":1,"8":0,"9":1,"10":0,"11":0,"12":0,"13":0,"14":5},"fnMap":{"1":{"name":"constructor","line":72,"loc":{"start":{"line":65,"column":4},"end":{"line":82,"column":4}}},"2":{"name":"enterRaffle","line":96,"loc":{"start":{"line":96,"column":4},"end":{"line":105,"column":4}}},"3":{"name":"checkUpkeep","line":117,"loc":{"start":{"line":117,"column":4},"end":{"line":133,"column":4}}},"4":{"name":"performUpkeep","line":139,"loc":{"start":{"line":139,"column":4},"end":{"line":160,"column":4}}},"5":{"name":"fulfillRandomWords","line":162,"loc":{"start":{"line":162,"column":4},"end":{"line":177,"column":4}}},"6":{"name":"getEntranceFee","line":181,"loc":{"start":{"line":181,"column":4},"end":{"line":183,"column":4}}},"7":{"name":"getPlayer","line":185,"loc":{"start":{"line":185,"column":4},"end":{"line":187,"column":4}}},"8":{"name":"getRecentWinner","line":189,"loc":{"start":{"line":189,"column":4},"end":{"line":191,"column":4}}},"9":{"name":"getRaffleState","line":193,"loc":{"start":{"line":193,"column":4},"end":{"line":195,"column":4}}},"10":{"name":"getNumWords","line":197,"loc":{"start":{"line":197,"column":4},"end":{"line":199,"column":4}}},"11":{"name":"getNumberOfPlayers","line":201,"loc":{"start":{"line":201,"column":4},"end":{"line":203,"column":4}}},"12":{"name":"getLatestTimeStamp","line":205,"loc":{"start":{"line":205,"column":4},"end":{"line":207,"column":4}}},"13":{"name":"getRequestConfirmations","line":209,"loc":{"start":{"line":209,"column":4},"end":{"line":211,"column":4}}},"14":{"name":"getInterval","line":213,"loc":{"start":{"line":213,"column":4},"end":{"line":215,"column":4}}}},"statementMap":{"1":{"start":{"line":97,"column":8},"end":{"line":97,"column":3469}},"2":{"start":{"line":100,"column":8},"end":{"line":100,"column":3569}},"3":{"start":{"line":103,"column":8},"end":{"line":103,"column":42}},"4":{"start":{"line":104,"column":8},"end":{"line":104,"column":36}},"5":{"start":{"line":128,"column":8},"end":{"line":128,"column":57}},"6":{"start":{"line":129,"column":8},"end":{"line":129,"column":76}},"7":{"start":{"line":130,"column":8},"end":{"line":130,"column":48}},"8":{"start":{"line":131,"column":8},"end":{"line":131,"column":51}},"9":{"start":{"line":142,"column":8},"end":{"line":142,"column":47}},"10":{"start":{"line":143,"column":8},"end":{"line":143,"column":4875}},"11":{"start":{"line":152,"column":8},"end":{"line":152,"column":5136}},"12":{"start":{"line":159,"column":8},"end":{"line":159,"column":45}},"13":{"start":{"line":166,"column":8},"end":{"line":166,"column":65}},"14":{"start":{"line":167,"column":8},"end":{"line":167,"column":63}},"15":{"start":{"line":172,"column":8},"end":{"line":172,"column":78}},"16":{"start":{"line":173,"column":8},"end":{"line":173,"column":5982}},"17":{"start":{"line":176,"column":8},"end":{"line":176,"column":39}},"18":{"start":{"line":182,"column":8},"end":{"line":182,"column":28}},"19":{"start":{"line":186,"column":8},"end":{"line":186,"column":31}},"20":{"start":{"line":190,"column":8},"end":{"line":190,"column":29}},"21":{"start":{"line":194,"column":8},"end":{"line":194,"column":28}},"22":{"start":{"line":198,"column":8},"end":{"line":198,"column":24}},"23":{"start":{"line":202,"column":8},"end":{"line":202,"column":31}},"24":{"start":{"line":206,"column":8},"end":{"line":206,"column":30}},"25":{"start":{"line":210,"column":8},"end":{"line":210,"column":36}},"26":{"start":{"line":214,"column":8},"end":{"line":214,"column":25}}},"branchMap":{"1":{"line":97,"type":"if","locations":[{"start":{"line":97,"column":8},"end":{"line":97,"column":8}},{"start":{"line":97,"column":8},"end":{"line":97,"column":8}}]},"2":{"line":100,"type":"if","locations":[{"start":{"line":100,"column":8},"end":{"line":100,"column":8}},{"start":{"line":100,"column":8},"end":{"line":100,"column":8}}]},"3":{"line":143,"type":"if","locations":[{"start":{"line":143,"column":8},"end":{"line":143,"column":8}},{"start":{"line":143,"column":8},"end":{"line":143,"column":8}}]},"4":{"line":173,"type":"if","locations":[{"start":{"line":173,"column":8},"end":{"line":173,"column":8}},{"start":{"line":173,"column":8},"end":{"line":173,"column":8}}]}}},
"contracts/test/VRFCoordinatorV2Mock.sol":{"l":{},"path":"/home/saurav3435/Desktop/Academics/B_Project/Tutorial/hh-fcc/hardhat-smartcontract-lottery/contracts/test/VRFCoordinatorV2Mock.sol","s":{},"b":{},"f":{},"fnMap":{},"statementMap":{},"branchMap":{}}}
